Using pre-set license
Built from '2021.3/staging' branch; Version is '2021.3.11f1 (0a5ca18544bf) revision 679073'; Using compiler version '192829333'; Build Type 'Release'
OS: 'Windows 11  (10.0.22000) 64bit Core' Language: 'fr' Physical Memory: 32559 MB
BatchMode: 1, IsHumanControllingUs: 0, StartBugReporterOnCrash: 0, Is64bit: 1, IsPro: 1

COMMAND LINE ARGUMENTS:
C:\2021.3.11f1\Editor\Unity.exe
-adb2
-batchMode
-noUpm
-name
AssetImportWorker2
-projectPath
C:/GithubEcoles/TobogganGame/Sled Race
-logFile
Logs/AssetImportWorker2.log
-srvPort
62105
Successfully changed project path to: C:/GithubEcoles/TobogganGame/Sled Race
C:/GithubEcoles/TobogganGame/Sled Race
[UnityMemory] Configuration Parameters - Can be set up in boot.config
    "memorysetup-bucket-allocator-granularity=16"
    "memorysetup-bucket-allocator-bucket-count=8"
    "memorysetup-bucket-allocator-block-size=33554432"
    "memorysetup-bucket-allocator-block-count=8"
    "memorysetup-main-allocator-block-size=16777216"
    "memorysetup-thread-allocator-block-size=16777216"
    "memorysetup-gfx-main-allocator-block-size=16777216"
    "memorysetup-gfx-thread-allocator-block-size=16777216"
    "memorysetup-cache-allocator-block-size=4194304"
    "memorysetup-typetree-allocator-block-size=2097152"
    "memorysetup-profiler-bucket-allocator-granularity=16"
    "memorysetup-profiler-bucket-allocator-bucket-count=8"
    "memorysetup-profiler-bucket-allocator-block-size=33554432"
    "memorysetup-profiler-bucket-allocator-block-count=8"
    "memorysetup-profiler-allocator-block-size=16777216"
    "memorysetup-profiler-editor-allocator-block-size=1048576"
    "memorysetup-temp-allocator-size-main=16777216"
    "memorysetup-job-temp-allocator-block-size=2097152"
    "memorysetup-job-temp-allocator-block-size-background=1048576"
    "memorysetup-job-temp-allocator-reduction-small-platforms=262144"
    "memorysetup-temp-allocator-size-background-worker=32768"
    "memorysetup-temp-allocator-size-job-worker=262144"
    "memorysetup-temp-allocator-size-preload-manager=33554432"
    "memorysetup-temp-allocator-size-nav-mesh-worker=65536"
    "memorysetup-temp-allocator-size-audio-worker=65536"
    "memorysetup-temp-allocator-size-cloud-worker=32768"
    "memorysetup-temp-allocator-size-gi-baking-worker=262144"
    "memorysetup-temp-allocator-size-gfx=262144"
Refreshing native plugins compatible for Editor in 50.34 ms, found 3 plugins.
Preloading 0 native plugins for Editor in 0.00 ms.
Initialize engine version: 2021.3.11f1 (0a5ca18544bf)
[Subsystems] Discovering subsystems at path C:/2021.3.11f1/Editor/Data/Resources/UnitySubsystems
[Subsystems] Discovering subsystems at path C:/GithubEcoles/TobogganGame/Sled Race/Assets
GfxDevice: creating device client; threaded=0; jobified=0
Direct3D:
    Version:  Direct3D 11.0 [level 11.1]
    Renderer: NVIDIA GeForce RTX 2080 (ID=0x1e87)
    Vendor:   NVIDIA
    VRAM:     8002 MB
    Driver:   31.0.15.2647
Initialize mono
Mono path[0] = 'C:/2021.3.11f1/Editor/Data/Managed'
Mono path[1] = 'C:/2021.3.11f1/Editor/Data/MonoBleedingEdge/lib/mono/unityjit-win32'
Mono config path = 'C:/2021.3.11f1/Editor/Data/MonoBleedingEdge/etc'
Using monoOptions --debugger-agent=transport=dt_socket,embedding=1,server=y,suspend=n,address=127.0.0.1:56336
Begin MonoManager ReloadAssembly
Registering precompiled unity dll's ...
Register platform support module: C:/2021.3.11f1/Editor/Data/PlaybackEngines/WebGLSupport/UnityEditor.WebGL.Extensions.dll
Register platform support module: C:/2021.3.11f1/Editor/Data/PlaybackEngines/WindowsStandaloneSupport/UnityEditor.WindowsStandalone.Extensions.dll
Registered in 0.001429 seconds.
Native extension for WindowsStandalone target not found
Native extension for WebGL target not found
Refreshing native plugins compatible for Editor in 47.84 ms, found 3 plugins.
Preloading 0 native plugins for Editor in 0.00 ms.
Mono: successfully reloaded assembly
- Completed reload, in  0.350 seconds
Domain Reload Profiling:
	ReloadAssembly (351ms)
		BeginReloadAssembly (37ms)
			ExecutionOrderSort (0ms)
			DisableScriptedObjects (0ms)
			BackupInstance (0ms)
			ReleaseScriptingObjects (0ms)
			CreateAndSetChildDomain (0ms)
		EndReloadAssembly (258ms)
			LoadAssemblies (36ms)
			RebuildTransferFunctionScriptingTraits (0ms)
			SetupTypeCache (55ms)
			ReleaseScriptCaches (0ms)
			RebuildScriptCaches (15ms)
			SetupLoadedEditorAssemblies (158ms)
				LogAssemblyErrors (0ms)
				InitializePlatformSupportModulesInManaged (5ms)
				SetLoadedEditorAssemblies (0ms)
				RefreshPlugins (48ms)
				BeforeProcessingInitializeOnLoad (1ms)
				ProcessInitializeOnLoadAttributes (79ms)
				ProcessInitializeOnLoadMethodAttributes (26ms)
				AfterProcessingInitializeOnLoad (0ms)
				EditorAssembliesLoaded (0ms)
			ExecutionOrderSort2 (0ms)
			AwakeInstancesAfterBackupRestoration (0ms)
Platform modules already initialized, skipping
Registering precompiled user dll's ...
Registered in 0.002223 seconds.
Begin MonoManager ReloadAssembly
Symbol file LoadedFromMemory doesn't match image C:\GithubEcoles\TobogganGame\Sled Race\Library\PackageCache\com.unity.visualscripting@1.7.8\Editor\VisualScripting.Core\Dependencies\YamlDotNet\Unity.VisualScripting.YamlDotNet.dll
Symbol file LoadedFromMemory doesn't match image C:\GithubEcoles\TobogganGame\Sled Race\Library\PackageCache\com.unity.visualscripting@1.7.8\Editor\VisualScripting.Core\Dependencies\DotNetZip\Unity.VisualScripting.IonicZip.dll
Native extension for WindowsStandalone target not found
Native extension for WebGL target not found
Refreshing native plugins compatible for Editor in 0.48 ms, found 3 plugins.
Preloading 0 native plugins for Editor in 0.00 ms.
Mono: successfully reloaded assembly
Package Manager log level set to [2]
- Completed reload, in  0.622 seconds
Domain Reload Profiling:
	ReloadAssembly (622ms)
		BeginReloadAssembly (76ms)
			ExecutionOrderSort (0ms)
			DisableScriptedObjects (3ms)
			BackupInstance (0ms)
			ReleaseScriptingObjects (0ms)
			CreateAndSetChildDomain (12ms)
		EndReloadAssembly (479ms)
			LoadAssemblies (56ms)
			RebuildTransferFunctionScriptingTraits (0ms)
			SetupTypeCache (131ms)
			ReleaseScriptCaches (0ms)
			RebuildScriptCaches (35ms)
			SetupLoadedEditorAssemblies (240ms)
				LogAssemblyErrors (0ms)
				InitializePlatformSupportModulesInManaged (3ms)
				SetLoadedEditorAssemblies (0ms)
				RefreshPlugins (1ms)
				BeforeProcessingInitializeOnLoad (53ms)
				ProcessInitializeOnLoadAttributes (163ms)
				ProcessInitializeOnLoadMethodAttributes (17ms)
				AfterProcessingInitializeOnLoad (3ms)
				EditorAssembliesLoaded (0ms)
			ExecutionOrderSort2 (0ms)
			AwakeInstancesAfterBackupRestoration (3ms)
Platform modules already initialized, skipping
========================================================================
Worker process is ready to serve import requests
Launched and connected shader compiler UnityShaderCompiler.exe after 0.02 seconds
Refreshing native plugins compatible for Editor in 0.49 ms, found 3 plugins.
Preloading 0 native plugins for Editor in 0.00 ms.
Unloading 4065 Unused Serialized files (Serialized files now loaded: 0)
Unloading 55 unused Assets / (197.4 KB). Loaded Objects now: 4511.
Memory consumption went from 143.6 MB to 143.4 MB.
Total: 2.059200 ms (FindLiveObjects: 0.162500 ms CreateObjectMapping: 0.072100 ms MarkObjects: 1.720800 ms  DeleteObjects: 0.103200 ms)

AssetImportParameters requested are different than current active one (requested -> active):
  custom:video-decoder-ogg-theora: a1e56fd34408186e4bbccfd4996cb3dc -> 
  custom:container-muxer-webm: aa71ff27fc2769a1b78a27578f13a17b -> 
  custom:container-demuxer-webm: 4f35f7cbe854078d1ac9338744f61a02 -> 
  custom:video-encoder-webm-vp8: eb34c28f22e8b96e1ab97ce403110664 -> 
  custom:audio-encoder-webm-vorbis: bf7c407c2cedff20999df2af8eb42d56 -> 
  custom:framework-win-MediaFoundation: 216162199b28c13a410421893ffa2e32 -> 
  custom:container-demuxer-ogg: 62fdf1f143b41e24485cea50d1cbac27 -> 
  custom:video-decoder-webm-vp8: 9c59270c3fd7afecdb556c50c9e8de78 -> 
  custom:audio-decoder-ogg-vorbis: bf7c407c2cedff20999df2af8eb42d56 -> 
========================================================================
Received Import Request.
  Time since last request: 87562.868280 seconds.
  path: Assets/MyGame/Prefabs/GoundTile.prefab
  artifactKey: Guid(a044cc71743d0a046a413e475db36f36) Importer(815301076,1909f56bfc062723c751e8b465ee728b)
Start importing Assets/MyGame/Prefabs/GoundTile.prefab using Guid(a044cc71743d0a046a413e475db36f36) Importer(815301076,1909f56bfc062723c751e8b465ee728b)  -> (artifact id: '0ce73b8087c8e303c63332c49e7fccc8') in 0.039193 seconds 
========================================================================
Received Import Request.
  Time since last request: 5.338655 seconds.
  path: Assets/MyGame/Prefabs/GoundTile.prefab
  artifactKey: Guid(a044cc71743d0a046a413e475db36f36) Importer(815301076,1909f56bfc062723c751e8b465ee728b)
Start importing Assets/MyGame/Prefabs/GoundTile.prefab using Guid(a044cc71743d0a046a413e475db36f36) Importer(815301076,1909f56bfc062723c751e8b465ee728b)  -> (artifact id: '6b28dc18960ea636da574fab7ef476d3') in 0.003855 seconds 
========================================================================
Received Import Request.
  Time since last request: 2.216763 seconds.
  path: Assets/MyGame/Prefabs/GoundTile.prefab
  artifactKey: Guid(a044cc71743d0a046a413e475db36f36) Importer(815301076,1909f56bfc062723c751e8b465ee728b)
Start importing Assets/MyGame/Prefabs/GoundTile.prefab using Guid(a044cc71743d0a046a413e475db36f36) Importer(815301076,1909f56bfc062723c751e8b465ee728b)  -> (artifact id: 'b016e59c744a69747eabfcebe61ba013') in 0.003912 seconds 
========================================================================
Received Import Request.
  Time since last request: 1.797058 seconds.
  path: Assets/MyGame/Prefabs/GoundTile.prefab
  artifactKey: Guid(a044cc71743d0a046a413e475db36f36) Importer(815301076,1909f56bfc062723c751e8b465ee728b)
Start importing Assets/MyGame/Prefabs/GoundTile.prefab using Guid(a044cc71743d0a046a413e475db36f36) Importer(815301076,1909f56bfc062723c751e8b465ee728b)  -> (artifact id: 'ce4cc32ef47cf3a6a10d65daaa8930b6') in 0.004329 seconds 
========================================================================
Received Import Request.
  Time since last request: 1.597465 seconds.
  path: Assets/MyGame/Prefabs/GoundTile.prefab
  artifactKey: Guid(a044cc71743d0a046a413e475db36f36) Importer(815301076,1909f56bfc062723c751e8b465ee728b)
Start importing Assets/MyGame/Prefabs/GoundTile.prefab using Guid(a044cc71743d0a046a413e475db36f36) Importer(815301076,1909f56bfc062723c751e8b465ee728b)  -> (artifact id: 'e191db872de81ec8d8deff6c19ff1023') in 0.004008 seconds 
========================================================================
Received Import Request.
  Time since last request: 0.796538 seconds.
  path: Assets/MyGame/Prefabs/GoundTile.prefab
  artifactKey: Guid(a044cc71743d0a046a413e475db36f36) Importer(815301076,1909f56bfc062723c751e8b465ee728b)
Start importing Assets/MyGame/Prefabs/GoundTile.prefab using Guid(a044cc71743d0a046a413e475db36f36) Importer(815301076,1909f56bfc062723c751e8b465ee728b)  -> (artifact id: 'dd64d84c59b5b781150894e9f48d3936') in 0.003904 seconds 
========================================================================
Received Import Request.
  Time since last request: 0.392938 seconds.
  path: Assets/MyGame/Prefabs/GoundTile.prefab
  artifactKey: Guid(a044cc71743d0a046a413e475db36f36) Importer(815301076,1909f56bfc062723c751e8b465ee728b)
Start importing Assets/MyGame/Prefabs/GoundTile.prefab using Guid(a044cc71743d0a046a413e475db36f36) Importer(815301076,1909f56bfc062723c751e8b465ee728b)  -> (artifact id: 'ef0134a79736f163a8fc79a6418855e5') in 0.003597 seconds 
========================================================================
Received Import Request.
  Time since last request: 0.384252 seconds.
  path: Assets/MyGame/Prefabs/GoundTile.prefab
  artifactKey: Guid(a044cc71743d0a046a413e475db36f36) Importer(815301076,1909f56bfc062723c751e8b465ee728b)
Start importing Assets/MyGame/Prefabs/GoundTile.prefab using Guid(a044cc71743d0a046a413e475db36f36) Importer(815301076,1909f56bfc062723c751e8b465ee728b)  -> (artifact id: '6f60c6a22fcb191fc85f53a4d4bf7658') in 0.003568 seconds 
========================================================================
Received Import Request.
  Time since last request: 0.194420 seconds.
  path: Assets/MyGame/Prefabs/GoundTile.prefab
  artifactKey: Guid(a044cc71743d0a046a413e475db36f36) Importer(815301076,1909f56bfc062723c751e8b465ee728b)
Start importing Assets/MyGame/Prefabs/GoundTile.prefab using Guid(a044cc71743d0a046a413e475db36f36) Importer(815301076,1909f56bfc062723c751e8b465ee728b)  -> (artifact id: '29602b6f40f6affbfdf14a128ed8ef54') in 0.003681 seconds 
========================================================================
Received Import Request.
  Time since last request: 0.394828 seconds.
  path: Assets/MyGame/Prefabs/GoundTile.prefab
  artifactKey: Guid(a044cc71743d0a046a413e475db36f36) Importer(815301076,1909f56bfc062723c751e8b465ee728b)
Start importing Assets/MyGame/Prefabs/GoundTile.prefab using Guid(a044cc71743d0a046a413e475db36f36) Importer(815301076,1909f56bfc062723c751e8b465ee728b)  -> (artifact id: '7f69da134968daa08984beb76de48f9e') in 0.003665 seconds 
========================================================================
Received Import Request.
  Time since last request: 0.193371 seconds.
  path: Assets/MyGame/Prefabs/GoundTile.prefab
  artifactKey: Guid(a044cc71743d0a046a413e475db36f36) Importer(815301076,1909f56bfc062723c751e8b465ee728b)
Start importing Assets/MyGame/Prefabs/GoundTile.prefab using Guid(a044cc71743d0a046a413e475db36f36) Importer(815301076,1909f56bfc062723c751e8b465ee728b)  -> (artifact id: '1facdf341df417d3a268721fbbe1fecc') in 0.004042 seconds 
========================================================================
Received Import Request.
  Time since last request: 1.395334 seconds.
  path: Assets/MyGame/Prefabs/GoundTile.prefab
  artifactKey: Guid(a044cc71743d0a046a413e475db36f36) Importer(815301076,1909f56bfc062723c751e8b465ee728b)
Start importing Assets/MyGame/Prefabs/GoundTile.prefab using Guid(a044cc71743d0a046a413e475db36f36) Importer(815301076,1909f56bfc062723c751e8b465ee728b)  -> (artifact id: '920f3d50f1b2f6a739ae2fbff6b47739') in 0.003572 seconds 
========================================================================
Received Import Request.
  Time since last request: 0.812952 seconds.
  path: Assets/MyGame/Prefabs/GoundTile.prefab
  artifactKey: Guid(a044cc71743d0a046a413e475db36f36) Importer(815301076,1909f56bfc062723c751e8b465ee728b)
Start importing Assets/MyGame/Prefabs/GoundTile.prefab using Guid(a044cc71743d0a046a413e475db36f36) Importer(815301076,1909f56bfc062723c751e8b465ee728b)  -> (artifact id: 'd217d5c55d98100e08b3a459b35ce628') in 0.003674 seconds 
========================================================================
Received Import Request.
  Time since last request: 5.417975 seconds.
  path: Assets/MyGame/Prefabs/GoundTile.prefab
  artifactKey: Guid(a044cc71743d0a046a413e475db36f36) Importer(815301076,1909f56bfc062723c751e8b465ee728b)
Start importing Assets/MyGame/Prefabs/GoundTile.prefab using Guid(a044cc71743d0a046a413e475db36f36) Importer(815301076,1909f56bfc062723c751e8b465ee728b)  -> (artifact id: '5f0816a8eb0fc12dffb5a83917b87fb2') in 0.004573 seconds 
========================================================================
Received Import Request.
  Time since last request: 7.131433 seconds.
  path: Assets/MyGame/Prefabs/GoundTile.prefab
  artifactKey: Guid(a044cc71743d0a046a413e475db36f36) Importer(815301076,1909f56bfc062723c751e8b465ee728b)
Start importing Assets/MyGame/Prefabs/GoundTile.prefab using Guid(a044cc71743d0a046a413e475db36f36) Importer(815301076,1909f56bfc062723c751e8b465ee728b)  -> (artifact id: 'f4557cacb84223203d304c71509f6987') in 0.003569 seconds 
========================================================================
Received Import Request.
  Time since last request: 7.255636 seconds.
  path: Assets/MyGame/Prefabs/GoundTile.prefab
  artifactKey: Guid(a044cc71743d0a046a413e475db36f36) Importer(815301076,1909f56bfc062723c751e8b465ee728b)
Start importing Assets/MyGame/Prefabs/GoundTile.prefab using Guid(a044cc71743d0a046a413e475db36f36) Importer(815301076,1909f56bfc062723c751e8b465ee728b)  -> (artifact id: '7848df82ecdfabff6a2a41f077e63752') in 0.003646 seconds 
========================================================================
Received Import Request.
  Time since last request: 4.011676 seconds.
  path: Assets/MyGame/Prefabs/GoundTile.prefab
  artifactKey: Guid(a044cc71743d0a046a413e475db36f36) Importer(815301076,1909f56bfc062723c751e8b465ee728b)
Start importing Assets/MyGame/Prefabs/GoundTile.prefab using Guid(a044cc71743d0a046a413e475db36f36) Importer(815301076,1909f56bfc062723c751e8b465ee728b)  -> (artifact id: '99f4b22ffbb3f69ff40667f6d8ec8e9e') in 0.003834 seconds 
========================================================================
Received Import Request.
  Time since last request: 0.596101 seconds.
  path: Assets/MyGame/Prefabs/GoundTile.prefab
  artifactKey: Guid(a044cc71743d0a046a413e475db36f36) Importer(815301076,1909f56bfc062723c751e8b465ee728b)
Start importing Assets/MyGame/Prefabs/GoundTile.prefab using Guid(a044cc71743d0a046a413e475db36f36) Importer(815301076,1909f56bfc062723c751e8b465ee728b)  -> (artifact id: '6ff04b218a4ceabd8874212d30372eac') in 0.003985 seconds 
========================================================================
Received Import Request.
  Time since last request: 0.593536 seconds.
  path: Assets/MyGame/Prefabs/GoundTile.prefab
  artifactKey: Guid(a044cc71743d0a046a413e475db36f36) Importer(815301076,1909f56bfc062723c751e8b465ee728b)
Start importing Assets/MyGame/Prefabs/GoundTile.prefab using Guid(a044cc71743d0a046a413e475db36f36) Importer(815301076,1909f56bfc062723c751e8b465ee728b)  -> (artifact id: '2bfb95d240732b4531bcde0955bc8d72') in 0.003872 seconds 
========================================================================
Received Import Request.
  Time since last request: 0.203450 seconds.
  path: Assets/MyGame/Prefabs/GoundTile.prefab
  artifactKey: Guid(a044cc71743d0a046a413e475db36f36) Importer(815301076,1909f56bfc062723c751e8b465ee728b)
Start importing Assets/MyGame/Prefabs/GoundTile.prefab using Guid(a044cc71743d0a046a413e475db36f36) Importer(815301076,1909f56bfc062723c751e8b465ee728b)  -> (artifact id: '9084f74babeaf2167980b9294354b76d') in 0.003534 seconds 
========================================================================
Received Import Request.
  Time since last request: 0.371779 seconds.
  path: Assets/MyGame/Prefabs/GoundTile.prefab
  artifactKey: Guid(a044cc71743d0a046a413e475db36f36) Importer(815301076,1909f56bfc062723c751e8b465ee728b)
Start importing Assets/MyGame/Prefabs/GoundTile.prefab using Guid(a044cc71743d0a046a413e475db36f36) Importer(815301076,1909f56bfc062723c751e8b465ee728b)  -> (artifact id: '4317cea4dc6072c50067474bb361a294') in 0.003575 seconds 
========================================================================
Received Import Request.
  Time since last request: 0.415296 seconds.
  path: Assets/MyGame/Prefabs/GoundTile.prefab
  artifactKey: Guid(a044cc71743d0a046a413e475db36f36) Importer(815301076,1909f56bfc062723c751e8b465ee728b)
Start importing Assets/MyGame/Prefabs/GoundTile.prefab using Guid(a044cc71743d0a046a413e475db36f36) Importer(815301076,1909f56bfc062723c751e8b465ee728b)  -> (artifact id: '59af4eeb6abd995ae7445c4ada9fdef1') in 0.003650 seconds 
========================================================================
Received Import Request.
  Time since last request: 1.192381 seconds.
  path: Assets/MyGame/Prefabs/GoundTile.prefab
  artifactKey: Guid(a044cc71743d0a046a413e475db36f36) Importer(815301076,1909f56bfc062723c751e8b465ee728b)
Start importing Assets/MyGame/Prefabs/GoundTile.prefab using Guid(a044cc71743d0a046a413e475db36f36) Importer(815301076,1909f56bfc062723c751e8b465ee728b)  -> (artifact id: 'da7ece6a7bc4d8a79ba350a53ad21d5c') in 0.003698 seconds 
========================================================================
Received Import Request.
  Time since last request: 0.586839 seconds.
  path: Assets/MyGame/Prefabs/GoundTile.prefab
  artifactKey: Guid(a044cc71743d0a046a413e475db36f36) Importer(815301076,1909f56bfc062723c751e8b465ee728b)
Start importing Assets/MyGame/Prefabs/GoundTile.prefab using Guid(a044cc71743d0a046a413e475db36f36) Importer(815301076,1909f56bfc062723c751e8b465ee728b)  -> (artifact id: '5f059eea5d815534b118fd179893c2b3') in 0.003825 seconds 
========================================================================
Received Import Request.
  Time since last request: 1.610755 seconds.
  path: Assets/MyGame/Prefabs/GoundTile.prefab
  artifactKey: Guid(a044cc71743d0a046a413e475db36f36) Importer(815301076,1909f56bfc062723c751e8b465ee728b)
Start importing Assets/MyGame/Prefabs/GoundTile.prefab using Guid(a044cc71743d0a046a413e475db36f36) Importer(815301076,1909f56bfc062723c751e8b465ee728b)  -> (artifact id: '8fedebd16acb83b8f4b7221f04af46ed') in 0.004151 seconds 
========================================================================
Received Import Request.
  Time since last request: 0.801186 seconds.
  path: Assets/MyGame/Prefabs/GoundTile.prefab
  artifactKey: Guid(a044cc71743d0a046a413e475db36f36) Importer(815301076,1909f56bfc062723c751e8b465ee728b)
Start importing Assets/MyGame/Prefabs/GoundTile.prefab using Guid(a044cc71743d0a046a413e475db36f36) Importer(815301076,1909f56bfc062723c751e8b465ee728b)  -> (artifact id: 'f55e873eec245717d41fe1edcd0d89bc') in 0.003697 seconds 
========================================================================
Received Import Request.
  Time since last request: 1.001653 seconds.
  path: Assets/MyGame/Prefabs/GoundTile.prefab
  artifactKey: Guid(a044cc71743d0a046a413e475db36f36) Importer(815301076,1909f56bfc062723c751e8b465ee728b)
Start importing Assets/MyGame/Prefabs/GoundTile.prefab using Guid(a044cc71743d0a046a413e475db36f36) Importer(815301076,1909f56bfc062723c751e8b465ee728b)  -> (artifact id: '7232414dd08f7cb06878cf1dc2938bef') in 0.003408 seconds 
========================================================================
Received Import Request.
  Time since last request: 18.511392 seconds.
  path: Assets/MyGame/Prefabs/GoundTile.prefab
  artifactKey: Guid(a044cc71743d0a046a413e475db36f36) Importer(815301076,1909f56bfc062723c751e8b465ee728b)
Start importing Assets/MyGame/Prefabs/GoundTile.prefab using Guid(a044cc71743d0a046a413e475db36f36) Importer(815301076,1909f56bfc062723c751e8b465ee728b)  -> (artifact id: '638be7778efb008bb5dab6ee30e9d09b') in 0.003855 seconds 
========================================================================
Received Import Request.
  Time since last request: 23.286462 seconds.
  path: Assets/MyGame/Material
  artifactKey: Guid(ffed667d7d151034fb4faf1b9871c9b4) Importer(815301076,1909f56bfc062723c751e8b465ee728b)
Start importing Assets/MyGame/Material using Guid(ffed667d7d151034fb4faf1b9871c9b4) Importer(815301076,1909f56bfc062723c751e8b465ee728b)  -> (artifact id: 'bac3200dc87079c11449dd2ec6c85a73') in 0.000948 seconds 
========================================================================
Received Prepare
Registering precompiled user dll's ...
Registered in 0.002463 seconds.
Begin MonoManager ReloadAssembly
Symbol file LoadedFromMemory doesn't match image C:\GithubEcoles\TobogganGame\Sled Race\Library\PackageCache\com.unity.visualscripting@1.7.8\Editor\VisualScripting.Core\Dependencies\YamlDotNet\Unity.VisualScripting.YamlDotNet.dll
Symbol file LoadedFromMemory doesn't match image C:\GithubEcoles\TobogganGame\Sled Race\Library\PackageCache\com.unity.visualscripting@1.7.8\Editor\VisualScripting.Core\Dependencies\DotNetZip\Unity.VisualScripting.IonicZip.dll
Native extension for WindowsStandalone target not found
Native extension for WebGL target not found
Refreshing native plugins compatible for Editor in 0.48 ms, found 3 plugins.
Preloading 0 native plugins for Editor in 0.00 ms.
Mono: successfully reloaded assembly
- Completed reload, in  0.585 seconds
Domain Reload Profiling:
	ReloadAssembly (585ms)
		BeginReloadAssembly (81ms)
			ExecutionOrderSort (0ms)
			DisableScriptedObjects (3ms)
			BackupInstance (0ms)
			ReleaseScriptingObjects (0ms)
			CreateAndSetChildDomain (21ms)
		EndReloadAssembly (449ms)
			LoadAssemblies (45ms)
			RebuildTransferFunctionScriptingTraits (0ms)
			SetupTypeCache (131ms)
			ReleaseScriptCaches (1ms)
			RebuildScriptCaches (26ms)
			SetupLoadedEditorAssemblies (218ms)
				LogAssemblyErrors (0ms)
				InitializePlatformSupportModulesInManaged (7ms)
				SetLoadedEditorAssemblies (0ms)
				RefreshPlugins (1ms)
				BeforeProcessingInitializeOnLoad (38ms)
				ProcessInitializeOnLoadAttributes (152ms)
				ProcessInitializeOnLoadMethodAttributes (17ms)
				AfterProcessingInitializeOnLoad (3ms)
				EditorAssembliesLoaded (0ms)
			ExecutionOrderSort2 (0ms)
			AwakeInstancesAfterBackupRestoration (4ms)
Platform modules already initialized, skipping
Refreshing native plugins compatible for Editor in 2.03 ms, found 3 plugins.
Preloading 0 native plugins for Editor in 0.00 ms.
Unloading 4041 Unused Serialized files (Serialized files now loaded: 0)
Unloading 36 unused Assets / (165.0 KB). Loaded Objects now: 4527.
Memory consumption went from 141.5 MB to 141.3 MB.
Total: 1.953700 ms (FindLiveObjects: 0.149700 ms CreateObjectMapping: 0.084900 ms MarkObjects: 1.634500 ms  DeleteObjects: 0.084100 ms)

AssetImportParameters requested are different than current active one (requested -> active):
  custom:video-decoder-ogg-theora: a1e56fd34408186e4bbccfd4996cb3dc -> 
  custom:container-muxer-webm: aa71ff27fc2769a1b78a27578f13a17b -> 
  custom:container-demuxer-webm: 4f35f7cbe854078d1ac9338744f61a02 -> 
  custom:video-encoder-webm-vp8: eb34c28f22e8b96e1ab97ce403110664 -> 
  custom:audio-encoder-webm-vorbis: bf7c407c2cedff20999df2af8eb42d56 -> 
  custom:framework-win-MediaFoundation: 216162199b28c13a410421893ffa2e32 -> 
  custom:container-demuxer-ogg: 62fdf1f143b41e24485cea50d1cbac27 -> 
  custom:video-decoder-webm-vp8: 9c59270c3fd7afecdb556c50c9e8de78 -> 
  custom:audio-decoder-ogg-vorbis: bf7c407c2cedff20999df2af8eb42d56 -> 
========================================================================
Received Import Request.
  Time since last request: 59.070682 seconds.
  path: Assets/MyGame/Prefabs/GoundTile.prefab
  artifactKey: Guid(a044cc71743d0a046a413e475db36f36) Importer(815301076,1909f56bfc062723c751e8b465ee728b)
Start importing Assets/MyGame/Prefabs/GoundTile.prefab using Guid(a044cc71743d0a046a413e475db36f36) Importer(815301076,1909f56bfc062723c751e8b465ee728b)  -> (artifact id: '01ac8f0d26e73639088adfc40ae25b92') in 0.029010 seconds 
========================================================================
Received Import Request.
  Time since last request: 30.082156 seconds.
  path: Assets/MyGame/Prefabs/GoundTile.prefab
  artifactKey: Guid(a044cc71743d0a046a413e475db36f36) Importer(815301076,1909f56bfc062723c751e8b465ee728b)
Start importing Assets/MyGame/Prefabs/GoundTile.prefab using Guid(a044cc71743d0a046a413e475db36f36) Importer(815301076,1909f56bfc062723c751e8b465ee728b)  -> (artifact id: '8b231a73ca8a8451e3da294b4f8b0e13') in 0.003705 seconds 
========================================================================
Received Import Request.
  Time since last request: 1.397518 seconds.
  path: Assets/MyGame/Prefabs/GoundTile.prefab
  artifactKey: Guid(a044cc71743d0a046a413e475db36f36) Importer(815301076,1909f56bfc062723c751e8b465ee728b)
Start importing Assets/MyGame/Prefabs/GoundTile.prefab using Guid(a044cc71743d0a046a413e475db36f36) Importer(815301076,1909f56bfc062723c751e8b465ee728b)  -> (artifact id: '5f26a08c6c4080ee401f4d9b7c73ec84') in 0.003598 seconds 
========================================================================
Received Prepare
Registering precompiled user dll's ...
Registered in 0.002196 seconds.
Begin MonoManager ReloadAssembly
Symbol file LoadedFromMemory doesn't match image C:\GithubEcoles\TobogganGame\Sled Race\Library\PackageCache\com.unity.visualscripting@1.7.8\Editor\VisualScripting.Core\Dependencies\YamlDotNet\Unity.VisualScripting.YamlDotNet.dll
Symbol file LoadedFromMemory doesn't match image C:\GithubEcoles\TobogganGame\Sled Race\Library\PackageCache\com.unity.visualscripting@1.7.8\Editor\VisualScripting.Core\Dependencies\DotNetZip\Unity.VisualScripting.IonicZip.dll
Native extension for WindowsStandalone target not found
Native extension for WebGL target not found
Refreshing native plugins compatible for Editor in 0.48 ms, found 3 plugins.
Preloading 0 native plugins for Editor in 0.00 ms.
Mono: successfully reloaded assembly
- Completed reload, in  0.571 seconds
Domain Reload Profiling:
	ReloadAssembly (571ms)
		BeginReloadAssembly (78ms)
			ExecutionOrderSort (0ms)
			DisableScriptedObjects (3ms)
			BackupInstance (0ms)
			ReleaseScriptingObjects (0ms)
			CreateAndSetChildDomain (21ms)
		EndReloadAssembly (440ms)
			LoadAssemblies (42ms)
			RebuildTransferFunctionScriptingTraits (0ms)
			SetupTypeCache (128ms)
			ReleaseScriptCaches (1ms)
			RebuildScriptCaches (25ms)
			SetupLoadedEditorAssemblies (216ms)
				LogAssemblyErrors (0ms)
				InitializePlatformSupportModulesInManaged (7ms)
				SetLoadedEditorAssemblies (0ms)
				RefreshPlugins (1ms)
				BeforeProcessingInitializeOnLoad (37ms)
				ProcessInitializeOnLoadAttributes (150ms)
				ProcessInitializeOnLoadMethodAttributes (18ms)
				AfterProcessingInitializeOnLoad (3ms)
				EditorAssembliesLoaded (0ms)
			ExecutionOrderSort2 (0ms)
			AwakeInstancesAfterBackupRestoration (4ms)
Platform modules already initialized, skipping
Refreshing native plugins compatible for Editor in 2.01 ms, found 3 plugins.
Preloading 0 native plugins for Editor in 0.00 ms.
Unloading 4041 Unused Serialized files (Serialized files now loaded: 0)
Unloading 36 unused Assets / (165.0 KB). Loaded Objects now: 4542.
Memory consumption went from 141.6 MB to 141.4 MB.
Total: 1.985500 ms (FindLiveObjects: 0.160800 ms CreateObjectMapping: 0.081600 ms MarkObjects: 1.658100 ms  DeleteObjects: 0.084400 ms)

AssetImportParameters requested are different than current active one (requested -> active):
  custom:video-decoder-ogg-theora: a1e56fd34408186e4bbccfd4996cb3dc -> 
  custom:container-muxer-webm: aa71ff27fc2769a1b78a27578f13a17b -> 
  custom:container-demuxer-webm: 4f35f7cbe854078d1ac9338744f61a02 -> 
  custom:video-encoder-webm-vp8: eb34c28f22e8b96e1ab97ce403110664 -> 
  custom:audio-encoder-webm-vorbis: bf7c407c2cedff20999df2af8eb42d56 -> 
  custom:framework-win-MediaFoundation: 216162199b28c13a410421893ffa2e32 -> 
  custom:container-demuxer-ogg: 62fdf1f143b41e24485cea50d1cbac27 -> 
  custom:video-decoder-webm-vp8: 9c59270c3fd7afecdb556c50c9e8de78 -> 
  custom:audio-decoder-ogg-vorbis: bf7c407c2cedff20999df2af8eb42d56 -> 
========================================================================
Received Import Request.
  Time since last request: 51.364728 seconds.
  path: Assets/MyGame/Prefabs/GoundTile.prefab
  artifactKey: Guid(a044cc71743d0a046a413e475db36f36) Importer(815301076,1909f56bfc062723c751e8b465ee728b)
Start importing Assets/MyGame/Prefabs/GoundTile.prefab using Guid(a044cc71743d0a046a413e475db36f36) Importer(815301076,1909f56bfc062723c751e8b465ee728b)  -> (artifact id: 'f209fbb501ef20e178b1442834079555') in 0.030865 seconds 
========================================================================
Received Import Request.
  Time since last request: 5.462702 seconds.
  path: Assets/MyGame/Prefabs/GoundTile.prefab
  artifactKey: Guid(a044cc71743d0a046a413e475db36f36) Importer(815301076,1909f56bfc062723c751e8b465ee728b)
Start importing Assets/MyGame/Prefabs/GoundTile.prefab using Guid(a044cc71743d0a046a413e475db36f36) Importer(815301076,1909f56bfc062723c751e8b465ee728b)  -> (artifact id: '214a63079dc2649eb0e92fab36c16d06') in 0.003678 seconds 
========================================================================
Received Import Request.
  Time since last request: 4.645057 seconds.
  path: Assets/MyGame/Prefabs/GoundTile.prefab
  artifactKey: Guid(a044cc71743d0a046a413e475db36f36) Importer(815301076,1909f56bfc062723c751e8b465ee728b)
Start importing Assets/MyGame/Prefabs/GoundTile.prefab using Guid(a044cc71743d0a046a413e475db36f36) Importer(815301076,1909f56bfc062723c751e8b465ee728b)  -> (artifact id: '98a69a666da80f55abaef16196ed1939') in 0.003808 seconds 
========================================================================
Received Import Request.
  Time since last request: 11.656599 seconds.
  path: Assets/MyGame/Prefabs/GoundTile.prefab
  artifactKey: Guid(a044cc71743d0a046a413e475db36f36) Importer(815301076,1909f56bfc062723c751e8b465ee728b)
Start importing Assets/MyGame/Prefabs/GoundTile.prefab using Guid(a044cc71743d0a046a413e475db36f36) Importer(815301076,1909f56bfc062723c751e8b465ee728b)  -> (artifact id: '7127bc98b78f2b6e997ed3025fef8d9c') in 0.003655 seconds 
========================================================================
Received Import Request.
  Time since last request: 6.028737 seconds.
  path: Assets/MyGame/Prefabs/GoundTile.prefab
  artifactKey: Guid(a044cc71743d0a046a413e475db36f36) Importer(815301076,1909f56bfc062723c751e8b465ee728b)
Start importing Assets/MyGame/Prefabs/GoundTile.prefab using Guid(a044cc71743d0a046a413e475db36f36) Importer(815301076,1909f56bfc062723c751e8b465ee728b)  -> (artifact id: '1f42efec1a77d860511b3049cc7abfbe') in 0.003640 seconds 
========================================================================
Received Import Request.
  Time since last request: 1.217317 seconds.
  path: Assets/MyGame/Prefabs/GoundTile.prefab
  artifactKey: Guid(a044cc71743d0a046a413e475db36f36) Importer(815301076,1909f56bfc062723c751e8b465ee728b)
Start importing Assets/MyGame/Prefabs/GoundTile.prefab using Guid(a044cc71743d0a046a413e475db36f36) Importer(815301076,1909f56bfc062723c751e8b465ee728b)  -> (artifact id: 'b1d7df32c0692e20f247c7b80444ac25') in 0.004105 seconds 
========================================================================
Received Import Request.
  Time since last request: 17.702108 seconds.
  path: Assets/MyGame/Prefabs/GoundTile.prefab
  artifactKey: Guid(a044cc71743d0a046a413e475db36f36) Importer(815301076,1909f56bfc062723c751e8b465ee728b)
Start importing Assets/MyGame/Prefabs/GoundTile.prefab using Guid(a044cc71743d0a046a413e475db36f36) Importer(815301076,1909f56bfc062723c751e8b465ee728b)  -> (artifact id: '862b7e85e03340846ed5644b526c7958') in 0.004020 seconds 
========================================================================
Received Import Request.
  Time since last request: 1.803409 seconds.
  path: Assets/MyGame/Prefabs/GoundTile.prefab
  artifactKey: Guid(a044cc71743d0a046a413e475db36f36) Importer(815301076,1909f56bfc062723c751e8b465ee728b)
Start importing Assets/MyGame/Prefabs/GoundTile.prefab using Guid(a044cc71743d0a046a413e475db36f36) Importer(815301076,1909f56bfc062723c751e8b465ee728b)  -> (artifact id: '85f915e4c9457e21ef69edb6c095d90e') in 0.003603 seconds 
========================================================================
Received Import Request.
  Time since last request: 9.032843 seconds.
  path: Assets/MyGame/Prefabs/GoundTile.prefab
  artifactKey: Guid(a044cc71743d0a046a413e475db36f36) Importer(815301076,1909f56bfc062723c751e8b465ee728b)
Start importing Assets/MyGame/Prefabs/GoundTile.prefab using Guid(a044cc71743d0a046a413e475db36f36) Importer(815301076,1909f56bfc062723c751e8b465ee728b)  -> (artifact id: 'd49939f16ff2bfa5582ad09b369f4f39') in 0.003804 seconds 
========================================================================
Received Import Request.
  Time since last request: 0.988221 seconds.
  path: Assets/MyGame/Prefabs/GoundTile.prefab
  artifactKey: Guid(a044cc71743d0a046a413e475db36f36) Importer(815301076,1909f56bfc062723c751e8b465ee728b)
Start importing Assets/MyGame/Prefabs/GoundTile.prefab using Guid(a044cc71743d0a046a413e475db36f36) Importer(815301076,1909f56bfc062723c751e8b465ee728b)  -> (artifact id: 'c7b9e5abb7b67deab53b5337b4a4e26b') in 0.004024 seconds 
========================================================================
Received Import Request.
  Time since last request: 28.594509 seconds.
  path: Assets/MyGame/Prefabs/GoundTile.prefab
  artifactKey: Guid(a044cc71743d0a046a413e475db36f36) Importer(815301076,1909f56bfc062723c751e8b465ee728b)
Start importing Assets/MyGame/Prefabs/GoundTile.prefab using Guid(a044cc71743d0a046a413e475db36f36) Importer(815301076,1909f56bfc062723c751e8b465ee728b)  -> (artifact id: '8b2f73c9001b79550a92f9779f7b59e4') in 0.003684 seconds 
========================================================================
Received Import Request.
  Time since last request: 0.804582 seconds.
  path: Assets/MyGame/Prefabs/GoundTile.prefab
  artifactKey: Guid(a044cc71743d0a046a413e475db36f36) Importer(815301076,1909f56bfc062723c751e8b465ee728b)
Start importing Assets/MyGame/Prefabs/GoundTile.prefab using Guid(a044cc71743d0a046a413e475db36f36) Importer(815301076,1909f56bfc062723c751e8b465ee728b)  -> (artifact id: '391ab2e46e4f3c54c62f939939adf954') in 0.003619 seconds 
========================================================================
Received Import Request.
  Time since last request: 2.618355 seconds.
  path: Assets/MyGame/Prefabs/GoundTile.prefab
  artifactKey: Guid(a044cc71743d0a046a413e475db36f36) Importer(815301076,1909f56bfc062723c751e8b465ee728b)
Start importing Assets/MyGame/Prefabs/GoundTile.prefab using Guid(a044cc71743d0a046a413e475db36f36) Importer(815301076,1909f56bfc062723c751e8b465ee728b)  -> (artifact id: '796eaf99073b979c8fb061e4f5b6bd8b') in 0.003559 seconds 
========================================================================
Received Import Request.
  Time since last request: 0.597675 seconds.
  path: Assets/MyGame/Prefabs/GoundTile.prefab
  artifactKey: Guid(a044cc71743d0a046a413e475db36f36) Importer(815301076,1909f56bfc062723c751e8b465ee728b)
Start importing Assets/MyGame/Prefabs/GoundTile.prefab using Guid(a044cc71743d0a046a413e475db36f36) Importer(815301076,1909f56bfc062723c751e8b465ee728b)  -> (artifact id: '934ae0344a934ade683d91963a4a3b52') in 0.003654 seconds 
========================================================================
Received Import Request.
  Time since last request: 8.028735 seconds.
  path: Assets/MyGame/Prefabs/GoundTile.prefab
  artifactKey: Guid(a044cc71743d0a046a413e475db36f36) Importer(815301076,1909f56bfc062723c751e8b465ee728b)
Start importing Assets/MyGame/Prefabs/GoundTile.prefab using Guid(a044cc71743d0a046a413e475db36f36) Importer(815301076,1909f56bfc062723c751e8b465ee728b)  -> (artifact id: '17bfd05c6696c93056f78a3d577d1a1e') in 0.003502 seconds 
========================================================================
Received Import Request.
  Time since last request: 5.242034 seconds.
  path: Assets/MyGame/Prefabs/GoundTile.prefab
  artifactKey: Guid(a044cc71743d0a046a413e475db36f36) Importer(815301076,1909f56bfc062723c751e8b465ee728b)
Start importing Assets/MyGame/Prefabs/GoundTile.prefab using Guid(a044cc71743d0a046a413e475db36f36) Importer(815301076,1909f56bfc062723c751e8b465ee728b)  -> (artifact id: '252dbd73dc2d02169f511c40858d5db0') in 0.003616 seconds 
========================================================================
Received Prepare
Registering precompiled user dll's ...
Registered in 0.002028 seconds.
Begin MonoManager ReloadAssembly
Symbol file LoadedFromMemory doesn't match image C:\GithubEcoles\TobogganGame\Sled Race\Library\PackageCache\com.unity.visualscripting@1.7.8\Editor\VisualScripting.Core\Dependencies\YamlDotNet\Unity.VisualScripting.YamlDotNet.dll
Symbol file LoadedFromMemory doesn't match image C:\GithubEcoles\TobogganGame\Sled Race\Library\PackageCache\com.unity.visualscripting@1.7.8\Editor\VisualScripting.Core\Dependencies\DotNetZip\Unity.VisualScripting.IonicZip.dll
Native extension for WindowsStandalone target not found
Native extension for WebGL target not found
Refreshing native plugins compatible for Editor in 0.50 ms, found 3 plugins.
Preloading 0 native plugins for Editor in 0.00 ms.
Mono: successfully reloaded assembly
- Completed reload, in  0.573 seconds
Domain Reload Profiling:
	ReloadAssembly (573ms)
		BeginReloadAssembly (79ms)
			ExecutionOrderSort (0ms)
			DisableScriptedObjects (2ms)
			BackupInstance (0ms)
			ReleaseScriptingObjects (0ms)
			CreateAndSetChildDomain (21ms)
		EndReloadAssembly (440ms)
			LoadAssemblies (45ms)
			RebuildTransferFunctionScriptingTraits (0ms)
			SetupTypeCache (126ms)
			ReleaseScriptCaches (1ms)
			RebuildScriptCaches (26ms)
			SetupLoadedEditorAssemblies (214ms)
				LogAssemblyErrors (0ms)
				InitializePlatformSupportModulesInManaged (8ms)
				SetLoadedEditorAssemblies (0ms)
				RefreshPlugins (1ms)
				BeforeProcessingInitializeOnLoad (37ms)
				ProcessInitializeOnLoadAttributes (147ms)
				ProcessInitializeOnLoadMethodAttributes (18ms)
				AfterProcessingInitializeOnLoad (3ms)
				EditorAssembliesLoaded (0ms)
			ExecutionOrderSort2 (0ms)
			AwakeInstancesAfterBackupRestoration (4ms)
Platform modules already initialized, skipping
Refreshing native plugins compatible for Editor in 1.71 ms, found 3 plugins.
Preloading 0 native plugins for Editor in 0.00 ms.
Unloading 4041 Unused Serialized files (Serialized files now loaded: 0)
Unloading 36 unused Assets / (181.7 KB). Loaded Objects now: 4557.
Memory consumption went from 141.6 MB to 141.5 MB.
Total: 2.107200 ms (FindLiveObjects: 0.169400 ms CreateObjectMapping: 0.079400 ms MarkObjects: 1.757900 ms  DeleteObjects: 0.100000 ms)

AssetImportParameters requested are different than current active one (requested -> active):
  custom:video-decoder-ogg-theora: a1e56fd34408186e4bbccfd4996cb3dc -> 
  custom:container-muxer-webm: aa71ff27fc2769a1b78a27578f13a17b -> 
  custom:container-demuxer-webm: 4f35f7cbe854078d1ac9338744f61a02 -> 
  custom:video-encoder-webm-vp8: eb34c28f22e8b96e1ab97ce403110664 -> 
  custom:audio-encoder-webm-vorbis: bf7c407c2cedff20999df2af8eb42d56 -> 
  custom:framework-win-MediaFoundation: 216162199b28c13a410421893ffa2e32 -> 
  custom:container-demuxer-ogg: 62fdf1f143b41e24485cea50d1cbac27 -> 
  custom:video-decoder-webm-vp8: 9c59270c3fd7afecdb556c50c9e8de78 -> 
  custom:audio-decoder-ogg-vorbis: bf7c407c2cedff20999df2af8eb42d56 -> 
========================================================================
Received Import Request.
  Time since last request: 26.022704 seconds.
  path: Assets/MyGame/Prefabs/GoundTile.prefab
  artifactKey: Guid(a044cc71743d0a046a413e475db36f36) Importer(815301076,1909f56bfc062723c751e8b465ee728b)
Start importing Assets/MyGame/Prefabs/GoundTile.prefab using Guid(a044cc71743d0a046a413e475db36f36) Importer(815301076,1909f56bfc062723c751e8b465ee728b)  -> (artifact id: '964f3993501e052dd8d64edff819ed39') in 0.030002 seconds 
========================================================================
Received Import Request.
  Time since last request: 99.307155 seconds.
  path: Assets/MyGame/Prefabs/GoundTile.prefab
  artifactKey: Guid(a044cc71743d0a046a413e475db36f36) Importer(815301076,1909f56bfc062723c751e8b465ee728b)
Start importing Assets/MyGame/Prefabs/GoundTile.prefab using Guid(a044cc71743d0a046a413e475db36f36) Importer(815301076,1909f56bfc062723c751e8b465ee728b)  -> (artifact id: '3654791193df922e82e8f2c65cc5b9fe') in 0.004136 seconds 
========================================================================
Received Import Request.
  Time since last request: 0.756452 seconds.
  path: Assets/MyGame/Prefabs/GoundTile.prefab
  artifactKey: Guid(a044cc71743d0a046a413e475db36f36) Importer(815301076,1909f56bfc062723c751e8b465ee728b)
Start importing Assets/MyGame/Prefabs/GoundTile.prefab using Guid(a044cc71743d0a046a413e475db36f36) Importer(815301076,1909f56bfc062723c751e8b465ee728b)  -> (artifact id: '2c9d2e54cc15a32d64b63e99045489cb') in 0.003693 seconds 
========================================================================
Received Import Request.
  Time since last request: 6.129104 seconds.
  path: Assets/PolygonStarter/Models/Collision/SM_Buildings_Block_1x1_01.fbx
  artifactKey: Guid(caed417d0c17a134696ff2ef8b52a764) Importer(815301076,1909f56bfc062723c751e8b465ee728b)
Start importing Assets/PolygonStarter/Models/Collision/SM_Buildings_Block_1x1_01.fbx using Guid(caed417d0c17a134696ff2ef8b52a764) Importer(815301076,1909f56bfc062723c751e8b465ee728b)  -> (artifact id: 'a239f093b2b221e6500209014d252a1c') in 0.065847 seconds 
========================================================================
Received Import Request.
  Time since last request: 0.000013 seconds.
  path: Assets/PolygonStarter/Models/Collision/SM_Primitive_Sphere_02.fbx
  artifactKey: Guid(e8ba51a934eb276468729107e5d3143f) Importer(815301076,1909f56bfc062723c751e8b465ee728b)
Start importing Assets/PolygonStarter/Models/Collision/SM_Primitive_Sphere_02.fbx using Guid(e8ba51a934eb276468729107e5d3143f) Importer(815301076,1909f56bfc062723c751e8b465ee728b)  -> (artifact id: 'bdb2a02b9880116b07da488e6eefd71f') in 0.009003 seconds 
========================================================================
Received Import Request.
  Time since last request: 0.000016 seconds.
  path: Assets/PolygonStarter/Models/Collision/SM_Buildings_WallDoor_2x3_01.fbx
  artifactKey: Guid(3316d1e99a707354a8f7b236cf8726a8) Importer(815301076,1909f56bfc062723c751e8b465ee728b)
Start importing Assets/PolygonStarter/Models/Collision/SM_Buildings_WallDoor_2x3_01.fbx using Guid(3316d1e99a707354a8f7b236cf8726a8) Importer(815301076,1909f56bfc062723c751e8b465ee728b)  -> (artifact id: '37dfbccc676ebc27178cb3dd1856a8cd') in 0.008427 seconds 
========================================================================
Received Import Request.
  Time since last request: 0.000016 seconds.
  path: Assets/PolygonStarter/Models/Collision/SM_Buildings_Stairs_1x3_01.fbx
  artifactKey: Guid(7ce50dc06d7bb62448b532080fd35371) Importer(815301076,1909f56bfc062723c751e8b465ee728b)
Start importing Assets/PolygonStarter/Models/Collision/SM_Buildings_Stairs_1x3_01.fbx using Guid(7ce50dc06d7bb62448b532080fd35371) Importer(815301076,1909f56bfc062723c751e8b465ee728b)  -> (artifact id: '310a2a7f421abca9238362c71c5fe7d2') in 0.008594 seconds 
========================================================================
Received Import Request.
  Time since last request: 0.000015 seconds.
  path: Assets/PolygonStarter/Models/Collision/SM_Buildings_Ramp_25_1x1_01.fbx
  artifactKey: Guid(489a905ef5c877d4a8e6f9fb1f7f55e5) Importer(815301076,1909f56bfc062723c751e8b465ee728b)
Start importing Assets/PolygonStarter/Models/Collision/SM_Buildings_Ramp_25_1x1_01.fbx using Guid(489a905ef5c877d4a8e6f9fb1f7f55e5) Importer(815301076,1909f56bfc062723c751e8b465ee728b)  -> (artifact id: 'fb3a8c4f8f7075ab4b1a274c045828aa') in 0.008541 seconds 
========================================================================
Received Import Request.
  Time since last request: 0.000013 seconds.
  path: Assets/PolygonStarter/Models/Collision/SM_Buildings_DoorFrame_01.fbx
  artifactKey: Guid(c7bd79f25c690294f893f8905d2264f5) Importer(815301076,1909f56bfc062723c751e8b465ee728b)
Start importing Assets/PolygonStarter/Models/Collision/SM_Buildings_DoorFrame_01.fbx using Guid(c7bd79f25c690294f893f8905d2264f5) Importer(815301076,1909f56bfc062723c751e8b465ee728b)  -> (artifact id: 'c6ba8a99121c71ad76e4437062306c71') in 0.008497 seconds 
========================================================================
Received Import Request.
  Time since last request: 0.000013 seconds.
  path: Assets/PolygonStarter/Models/Collision/SM_Primitive_Cylander_02.fbx
  artifactKey: Guid(d4310e8ff3695464cad536592578913c) Importer(815301076,1909f56bfc062723c751e8b465ee728b)
Start importing Assets/PolygonStarter/Models/Collision/SM_Primitive_Cylander_02.fbx using Guid(d4310e8ff3695464cad536592578913c) Importer(815301076,1909f56bfc062723c751e8b465ee728b)  -> (artifact id: '05c0f7d33e3c7796ef31f4fc8d2a339e') in 0.008642 seconds 
========================================================================
Received Import Request.
  Time since last request: 4.683151 seconds.
  path: Assets/PolygonStarter/Models/SM_Prop_Plane_Ring_01.fbx
  artifactKey: Guid(8d1177ba3d7335442be5de9e2472ae26) Importer(815301076,1909f56bfc062723c751e8b465ee728b)
Start importing Assets/PolygonStarter/Models/SM_Prop_Plane_Ring_01.fbx using Guid(8d1177ba3d7335442be5de9e2472ae26) Importer(815301076,1909f56bfc062723c751e8b465ee728b)  -> (artifact id: 'a6e6665cfe8db3f3f3b3bf1120076863') in 0.020612 seconds 
========================================================================
Received Import Request.
  Time since last request: 1.484911 seconds.
  path: Assets/PolygonStarter/Models/SM_Wep_Watergun_01.fbx
  artifactKey: Guid(e42a245ddc40f744994b4b96b407ec47) Importer(815301076,1909f56bfc062723c751e8b465ee728b)
Start importing Assets/PolygonStarter/Models/SM_Wep_Watergun_01.fbx using Guid(e42a245ddc40f744994b4b96b407ec47) Importer(815301076,1909f56bfc062723c751e8b465ee728b)  -> (artifact id: 'e93d6a7d1e46c9ab6f3e2748507a5ea8') in 0.036694 seconds 
========================================================================
Received Import Request.
  Time since last request: 11.730607 seconds.
  path: Assets/PolygonStarter/Models/SM_PolygonPrototype_Prop_Sword_01.fbx
  artifactKey: Guid(5177448ec4a4be94ab1faeb920c5e49d) Importer(815301076,1909f56bfc062723c751e8b465ee728b)
Start importing Assets/PolygonStarter/Models/SM_PolygonPrototype_Prop_Sword_01.fbx using Guid(5177448ec4a4be94ab1faeb920c5e49d) Importer(815301076,1909f56bfc062723c751e8b465ee728b)  -> (artifact id: 'a6775d796f8e0c64ae6b1343fc5bbc3b') in 0.008230 seconds 
========================================================================
Received Import Request.
  Time since last request: 0.824207 seconds.
  path: Assets/PolygonStarter/Models/SM_PolygonPrototype_Prop_Crate_03.fbx
  artifactKey: Guid(8dca5595cdaced544b3bca78ca84e8d8) Importer(815301076,1909f56bfc062723c751e8b465ee728b)
Start importing Assets/PolygonStarter/Models/SM_PolygonPrototype_Prop_Crate_03.fbx using Guid(8dca5595cdaced544b3bca78ca84e8d8) Importer(815301076,1909f56bfc062723c751e8b465ee728b)  -> (artifact id: '9edfceb6b15708a53fece313c8034832') in 0.019818 seconds 
========================================================================
Received Import Request.
  Time since last request: 0.056763 seconds.
  path: Assets/PolygonStarter/Models/SM_PolygonPrototype_Primitive_Tube_01P.fbx
  artifactKey: Guid(d87ac280bde89b843b6fb7284ab0fed0) Importer(815301076,1909f56bfc062723c751e8b465ee728b)
Start importing Assets/PolygonStarter/Models/SM_PolygonPrototype_Primitive_Tube_01P.fbx using Guid(d87ac280bde89b843b6fb7284ab0fed0) Importer(815301076,1909f56bfc062723c751e8b465ee728b)  -> (artifact id: '55a0db0da8db8eb3c4f033756f1c13ac') in 0.007763 seconds 
========================================================================
Received Import Request.
  Time since last request: 0.517482 seconds.
  path: Assets/PolygonStarter/Models/SM_PolygonPrototype_Primitive_Cylander_01P.fbx
  artifactKey: Guid(5cbb72520f7443f49b700d24eeec82e9) Importer(815301076,1909f56bfc062723c751e8b465ee728b)
Start importing Assets/PolygonStarter/Models/SM_PolygonPrototype_Primitive_Cylander_01P.fbx using Guid(5cbb72520f7443f49b700d24eeec82e9) Importer(815301076,1909f56bfc062723c751e8b465ee728b)  -> (artifact id: '4dda250a01d916ae20cd73069f4dcad3') in 0.008617 seconds 
========================================================================
Received Import Request.
  Time since last request: 0.425290 seconds.
  path: Assets/PolygonStarter/Models/SM_PolygonPrototype_Icon_Letter_Question_01.fbx
  artifactKey: Guid(d3451d4509d73de44aa114b52f182239) Importer(815301076,1909f56bfc062723c751e8b465ee728b)
Start importing Assets/PolygonStarter/Models/SM_PolygonPrototype_Icon_Letter_Question_01.fbx using Guid(d3451d4509d73de44aa114b52f182239) Importer(815301076,1909f56bfc062723c751e8b465ee728b)  -> (artifact id: 'cabea008dffaf7f710f50839e9273212') in 0.019103 seconds 
========================================================================
Received Import Request.
  Time since last request: 0.441537 seconds.
  path: Assets/PolygonStarter/Models/SM_PolygonPrototype_Icon_Arrow_Small_01.fbx
  artifactKey: Guid(b9979013b18adc147ac208c3520b982e) Importer(815301076,1909f56bfc062723c751e8b465ee728b)
Start importing Assets/PolygonStarter/Models/SM_PolygonPrototype_Icon_Arrow_Small_01.fbx using Guid(b9979013b18adc147ac208c3520b982e) Importer(815301076,1909f56bfc062723c751e8b465ee728b)  -> (artifact id: 'f3b2d8527c4623761c2ce8ca7385cf7a') in 0.019437 seconds 
========================================================================
Received Import Request.
  Time since last request: 0.425706 seconds.
  path: Assets/PolygonStarter/Models/SM_PolygonPrototype_Buildings_WallDoor_2x3_01P.fbx
  artifactKey: Guid(582c0251609fe624a98b3de23a6e89da) Importer(815301076,1909f56bfc062723c751e8b465ee728b)
Start importing Assets/PolygonStarter/Models/SM_PolygonPrototype_Buildings_WallDoor_2x3_01P.fbx using Guid(582c0251609fe624a98b3de23a6e89da) Importer(815301076,1909f56bfc062723c751e8b465ee728b)  -> (artifact id: '5127181536339cbb3bc31610c45bb1c8') in 0.018301 seconds 
========================================================================
Received Import Request.
  Time since last request: 0.927350 seconds.
  path: Assets/PolygonStarter/Models/SM_PolygonPrototype_Buildings_Stairs_1x1_01P.fbx
  artifactKey: Guid(863c2e4bd290d4344bfa0c76e862a0cf) Importer(815301076,1909f56bfc062723c751e8b465ee728b)
Start importing Assets/PolygonStarter/Models/SM_PolygonPrototype_Buildings_Stairs_1x1_01P.fbx using Guid(863c2e4bd290d4344bfa0c76e862a0cf) Importer(815301076,1909f56bfc062723c751e8b465ee728b)  -> (artifact id: 'df461699e90a2dc0361ad7bc1d808311') in 0.008168 seconds 
========================================================================
Received Import Request.
  Time since last request: 0.786689 seconds.
  path: Assets/PolygonStarter/Models/SM_PolygonPrototype_Buildings_Ramp_25_1x1_01P.fbx
  artifactKey: Guid(61fb2dc939f73bf4882dd937f15fd0c1) Importer(815301076,1909f56bfc062723c751e8b465ee728b)
Start importing Assets/PolygonStarter/Models/SM_PolygonPrototype_Buildings_Ramp_25_1x1_01P.fbx using Guid(61fb2dc939f73bf4882dd937f15fd0c1) Importer(815301076,1909f56bfc062723c751e8b465ee728b)  -> (artifact id: '0ee23231da167aac6b0b826d41cc2f2c') in 0.007937 seconds 
========================================================================
Received Import Request.
  Time since last request: 0.377367 seconds.
  path: Assets/PolygonStarter/Models/SM_PolygonPrototype_Buildings_Floor_1x1_01P.fbx
  artifactKey: Guid(efecce0669e04d14aada7871935a434d) Importer(815301076,1909f56bfc062723c751e8b465ee728b)
Start importing Assets/PolygonStarter/Models/SM_PolygonPrototype_Buildings_Floor_1x1_01P.fbx using Guid(efecce0669e04d14aada7871935a434d) Importer(815301076,1909f56bfc062723c751e8b465ee728b)  -> (artifact id: 'b6b807d68e222539d05705ead88c77df') in 0.020463 seconds 
========================================================================
Received Import Request.
  Time since last request: 0.706204 seconds.
  path: Assets/PolygonStarter/Models/SM_PolygonPrototype_Buildings_Column_2x3_01P.fbx
  artifactKey: Guid(0d85decc1128f9c408b485218f4131e3) Importer(815301076,1909f56bfc062723c751e8b465ee728b)
Start importing Assets/PolygonStarter/Models/SM_PolygonPrototype_Buildings_Column_2x3_01P.fbx using Guid(0d85decc1128f9c408b485218f4131e3) Importer(815301076,1909f56bfc062723c751e8b465ee728b)  -> (artifact id: '04c3f45d8ad343814391b191d0fa3106') in 0.021028 seconds 
========================================================================
Received Import Request.
  Time since last request: 2.446930 seconds.
  path: Assets/PolygonStarter/Models/SM_Generic_TreeStump_01.fbx
  artifactKey: Guid(a64981f2d6b07c146ace71b6804c1339) Importer(815301076,1909f56bfc062723c751e8b465ee728b)
Start importing Assets/PolygonStarter/Models/SM_Generic_TreeStump_01.fbx using Guid(a64981f2d6b07c146ace71b6804c1339) Importer(815301076,1909f56bfc062723c751e8b465ee728b)  -> (artifact id: '268cf8c7fa26e41017282cb0631b8b53') in 0.008353 seconds 
========================================================================
Received Import Request.
  Time since last request: 0.319890 seconds.
  path: Assets/PolygonStarter/Models/SM_Generic_Tree_04.fbx
  artifactKey: Guid(0b35305b613e7904395698641c0150cc) Importer(815301076,1909f56bfc062723c751e8b465ee728b)
Start importing Assets/PolygonStarter/Models/SM_Generic_Tree_04.fbx using Guid(0b35305b613e7904395698641c0150cc) Importer(815301076,1909f56bfc062723c751e8b465ee728b)  -> (artifact id: 'acbe4b5f5eb0801e633fc1d62839a0e4') in 0.019660 seconds 
========================================================================
Received Import Request.
  Time since last request: 2.406046 seconds.
  path: Assets/PolygonStarter/Models/SM_Generic_Tree_02.fbx
  artifactKey: Guid(52e489a7682e53e4fbbd56a5eab52da6) Importer(815301076,1909f56bfc062723c751e8b465ee728b)
Start importing Assets/PolygonStarter/Models/SM_Generic_Tree_02.fbx using Guid(52e489a7682e53e4fbbd56a5eab52da6) Importer(815301076,1909f56bfc062723c751e8b465ee728b)  -> (artifact id: '6384149a2faa269e67f903c649a160fb') in 0.007935 seconds 
========================================================================
Received Import Request.
  Time since last request: 18.365573 seconds.
  path: Assets/PolygonStarter/Models/SM_Generic_Small_Rocks_05.fbx
  artifactKey: Guid(6055577e4f794be4fb975210c267ebef) Importer(815301076,1909f56bfc062723c751e8b465ee728b)
Start importing Assets/PolygonStarter/Models/SM_Generic_Small_Rocks_05.fbx using Guid(6055577e4f794be4fb975210c267ebef) Importer(815301076,1909f56bfc062723c751e8b465ee728b)  -> (artifact id: '92d19481ca735f2509fa0773aca02c2d') in 0.008159 seconds 
========================================================================
Received Import Request.
  Time since last request: 0.012144 seconds.
  path: Assets/PolygonStarter/Models/SM_Generic_Small_Rocks_03.fbx
  artifactKey: Guid(a47f9d37300bbb645b151db3524e65a5) Importer(815301076,1909f56bfc062723c751e8b465ee728b)
Start importing Assets/PolygonStarter/Models/SM_Generic_Small_Rocks_03.fbx using Guid(a47f9d37300bbb645b151db3524e65a5) Importer(815301076,1909f56bfc062723c751e8b465ee728b)  -> (artifact id: '3b610014da3e459d4a0aa90ac5fa8201') in 0.020453 seconds 
========================================================================
Received Import Request.
  Time since last request: 0.049370 seconds.
  path: Assets/PolygonStarter/Models/SM_Generic_Ground_04.fbx
  artifactKey: Guid(059e0382b8bc85645b4bbd4b98bb90c0) Importer(815301076,1909f56bfc062723c751e8b465ee728b)
Start importing Assets/PolygonStarter/Models/SM_Generic_Ground_04.fbx using Guid(059e0382b8bc85645b4bbd4b98bb90c0) Importer(815301076,1909f56bfc062723c751e8b465ee728b)  -> (artifact id: '240408e00f981e62de9e66d1b2fe0904') in 0.008580 seconds 
========================================================================
Received Import Request.
  Time since last request: 63.612409 seconds.
  path: Assets/PolygonStarter/Models/SM_Bean_Cop_01.fbx
  artifactKey: Guid(c89a73caf26194948b5a891401eaf18e) Importer(815301076,1909f56bfc062723c751e8b465ee728b)
Start importing Assets/PolygonStarter/Models/SM_Bean_Cop_01.fbx using Guid(c89a73caf26194948b5a891401eaf18e) Importer(815301076,1909f56bfc062723c751e8b465ee728b)  -> (artifact id: '42022856c214762c23cccb11d0b9dd78') in 0.011940 seconds 
========================================================================
Received Import Request.
  Time since last request: 0.000022 seconds.
  path: Assets/PolygonStarter/Models/SM_Bld_Door_01.fbx
  artifactKey: Guid(09581238a7eee2a448621efbc36abb72) Importer(815301076,1909f56bfc062723c751e8b465ee728b)
Start importing Assets/PolygonStarter/Models/SM_Bld_Door_01.fbx using Guid(09581238a7eee2a448621efbc36abb72) Importer(815301076,1909f56bfc062723c751e8b465ee728b)  -> (artifact id: '77a81149ddf8605808c930fbfc81075b') in 0.010302 seconds 
========================================================================
Received Import Request.
  Time since last request: 0.000016 seconds.
  path: Assets/PolygonStarter/Models/SM_Generic_Ground_01.fbx
  artifactKey: Guid(b74644f508e4826458cf428b1206664e) Importer(815301076,1909f56bfc062723c751e8b465ee728b)
Start importing Assets/PolygonStarter/Models/SM_Generic_Ground_01.fbx using Guid(b74644f508e4826458cf428b1206664e) Importer(815301076,1909f56bfc062723c751e8b465ee728b)  -> (artifact id: '7cfa0f40e7a60b7ce8024588d405837d') in 0.008503 seconds 
========================================================================
Received Prepare
Registering precompiled user dll's ...
Registered in 0.003271 seconds.
Begin MonoManager ReloadAssembly
Symbol file LoadedFromMemory doesn't match image C:\GithubEcoles\TobogganGame\Sled Race\Library\PackageCache\com.unity.visualscripting@1.7.8\Editor\VisualScripting.Core\Dependencies\YamlDotNet\Unity.VisualScripting.YamlDotNet.dll
Symbol file LoadedFromMemory doesn't match image C:\GithubEcoles\TobogganGame\Sled Race\Library\PackageCache\com.unity.visualscripting@1.7.8\Editor\VisualScripting.Core\Dependencies\DotNetZip\Unity.VisualScripting.IonicZip.dll
Native extension for WindowsStandalone target not found
Native extension for WebGL target not found
Refreshing native plugins compatible for Editor in 0.43 ms, found 3 plugins.
Preloading 0 native plugins for Editor in 0.00 ms.
Mono: successfully reloaded assembly
- Completed reload, in  0.598 seconds
Domain Reload Profiling:
	ReloadAssembly (599ms)
		BeginReloadAssembly (87ms)
			ExecutionOrderSort (0ms)
			DisableScriptedObjects (3ms)
			BackupInstance (0ms)
			ReleaseScriptingObjects (0ms)
			CreateAndSetChildDomain (24ms)
		EndReloadAssembly (456ms)
			LoadAssemblies (51ms)
			RebuildTransferFunctionScriptingTraits (0ms)
			SetupTypeCache (125ms)
			ReleaseScriptCaches (1ms)
			RebuildScriptCaches (26ms)
			SetupLoadedEditorAssemblies (224ms)
				LogAssemblyErrors (0ms)
				InitializePlatformSupportModulesInManaged (8ms)
				SetLoadedEditorAssemblies (0ms)
				RefreshPlugins (0ms)
				BeforeProcessingInitializeOnLoad (38ms)
				ProcessInitializeOnLoadAttributes (157ms)
				ProcessInitializeOnLoadMethodAttributes (16ms)
				AfterProcessingInitializeOnLoad (3ms)
				EditorAssembliesLoaded (0ms)
			ExecutionOrderSort2 (0ms)
			AwakeInstancesAfterBackupRestoration (4ms)
Platform modules already initialized, skipping
Refreshing native plugins compatible for Editor in 2.96 ms, found 3 plugins.
Preloading 0 native plugins for Editor in 0.00 ms.
Unloading 4041 Unused Serialized files (Serialized files now loaded: 0)
Unloading 36 unused Assets / (173.9 KB). Loaded Objects now: 4583.
Memory consumption went from 146.3 MB to 146.2 MB.
Total: 3.319000 ms (FindLiveObjects: 0.370700 ms CreateObjectMapping: 0.103200 ms MarkObjects: 2.668000 ms  DeleteObjects: 0.175900 ms)

AssetImportParameters requested are different than current active one (requested -> active):
  custom:video-decoder-ogg-theora: a1e56fd34408186e4bbccfd4996cb3dc -> 
  custom:container-muxer-webm: aa71ff27fc2769a1b78a27578f13a17b -> 
  custom:container-demuxer-webm: 4f35f7cbe854078d1ac9338744f61a02 -> 
  custom:video-encoder-webm-vp8: eb34c28f22e8b96e1ab97ce403110664 -> 
  custom:audio-encoder-webm-vorbis: bf7c407c2cedff20999df2af8eb42d56 -> 
  custom:framework-win-MediaFoundation: 216162199b28c13a410421893ffa2e32 -> 
  custom:container-demuxer-ogg: 62fdf1f143b41e24485cea50d1cbac27 -> 
  custom:video-decoder-webm-vp8: 9c59270c3fd7afecdb556c50c9e8de78 -> 
  custom:audio-decoder-ogg-vorbis: bf7c407c2cedff20999df2af8eb42d56 -> 
Editor requested this worker to shutdown with reason: Scaling down because of idle timeout
AssetImportWorker is now disconnected from the server
Process exiting
Exiting without the bug reporter. Application will terminate with return code 0